2025-06-16 18:04:12,291 [INFO] NextGen 5Ws API is running 🚀
2025-06-16 18:04:12,291 [INFO] NextGen 5Ws API is running 🚀
2025-06-16 18:05:13,800 [INFO] NextGen API is live!
2025-06-16 18:05:13,800 [INFO] NextGen API is live!
2025-06-16 18:06:33,269 [INFO] NextGen 5Ws API is running 🚀
2025-06-16 18:06:33,269 [INFO] NextGen 5Ws API is running 🚀
2025-06-16 18:09:36,093 [INFO] Received task: TaskName.five_ws_extraction
2025-06-16 18:09:36,093 [INFO] Received task: TaskName.five_ws_extraction
2025-06-16 18:09:36,094 [ERROR] Error in /generate: 'RequestPayload' object has no attribute 'document'
2025-06-16 18:09:36,094 [ERROR] Error in /generate: 'RequestPayload' object has no attribute 'document'
2025-06-16 18:09:53,272 [INFO] NextGen 5Ws API is running 🚀
2025-06-16 18:09:53,272 [INFO] NextGen 5Ws API is running 🚀
2025-06-16 18:14:14,406 [ERROR] Unhandled error: 'pydantic_core._pydantic_core.ValidationInfo' object has no attribute 'get'
Traceback (most recent call last):
  File "/Library/Frameworks/Python.framework/Versions/3.12/lib/python3.12/site-packages/starlette/middleware/errors.py", line 162, in __call__
    await self.app(scope, receive, _send)
  File "/Library/Frameworks/Python.framework/Versions/3.12/lib/python3.12/site-packages/starlette/middleware/cors.py", line 91, in __call__
    await self.simple_response(scope, receive, send, request_headers=headers)
  File "/Library/Frameworks/Python.framework/Versions/3.12/lib/python3.12/site-packages/starlette/middleware/cors.py", line 146, in simple_response
    await self.app(scope, receive, send)
  File "/Library/Frameworks/Python.framework/Versions/3.12/lib/python3.12/site-packages/starlette/middleware/exceptions.py", line 79, in __call__
    raise exc
  File "/Library/Frameworks/Python.framework/Versions/3.12/lib/python3.12/site-packages/starlette/middleware/exceptions.py", line 68, in __call__
    await self.app(scope, receive, sender)
  File "/Library/Frameworks/Python.framework/Versions/3.12/lib/python3.12/site-packages/fastapi/middleware/asyncexitstack.py", line 20, in __call__
    raise e
  File "/Library/Frameworks/Python.framework/Versions/3.12/lib/python3.12/site-packages/fastapi/middleware/asyncexitstack.py", line 17, in __call__
    await self.app(scope, receive, send)
  File "/Library/Frameworks/Python.framework/Versions/3.12/lib/python3.12/site-packages/starlette/routing.py", line 718, in __call__
    await route.handle(scope, receive, send)
  File "/Library/Frameworks/Python.framework/Versions/3.12/lib/python3.12/site-packages/starlette/routing.py", line 276, in handle
    await self.app(scope, receive, send)
  File "/Library/Frameworks/Python.framework/Versions/3.12/lib/python3.12/site-packages/starlette/routing.py", line 66, in app
    response = await func(request)
               ^^^^^^^^^^^^^^^^^^^
  File "/Library/Frameworks/Python.framework/Versions/3.12/lib/python3.12/site-packages/fastapi/routing.py", line 264, in app
    solved_result = await solve_dependencies(
                    ^^^^^^^^^^^^^^^^^^^^^^^^^
  File "/Library/Frameworks/Python.framework/Versions/3.12/lib/python3.12/site-packages/fastapi/dependencies/utils.py", line 620, in solve_dependencies
    ) = await request_body_to_args(  # body_params checked above
        ^^^^^^^^^^^^^^^^^^^^^^^^^^^^^^^^^^^^^^^^^^^^^^^^^^^^^^^^
  File "/Library/Frameworks/Python.framework/Versions/3.12/lib/python3.12/site-packages/fastapi/dependencies/utils.py", line 750, in request_body_to_args
    v_, errors_ = field.validate(value, values, loc=loc)
                  ^^^^^^^^^^^^^^^^^^^^^^^^^^^^^^^^^^^^^^
  File "/Library/Frameworks/Python.framework/Versions/3.12/lib/python3.12/site-packages/fastapi/_compat.py", line 125, in validate
    self._type_adapter.validate_python(value, from_attributes=True),
    ^^^^^^^^^^^^^^^^^^^^^^^^^^^^^^^^^^^^^^^^^^^^^^^^^^^^^^^^^^^^^^^
  File "/Library/Frameworks/Python.framework/Versions/3.12/lib/python3.12/site-packages/pydantic/type_adapter.py", line 239, in validate_python
    return self.validator.validate_python(__object, strict=strict, from_attributes=from_attributes, context=context)
           ^^^^^^^^^^^^^^^^^^^^^^^^^^^^^^^^^^^^^^^^^^^^^^^^^^^^^^^^^^^^^^^^^^^^^^^^^^^^^^^^^^^^^^^^^^^^^^^^^^^^^^^^^
  File "/Users/nittratan/work/app/models/request.py", line 165, in check_citation_reasoning
    if v and not values.get("reasoning"):
                 ^^^^^^^^^^
AttributeError: 'pydantic_core._pydantic_core.ValidationInfo' object has no attribute 'get'

2025-06-16 18:14:14,406 [ERROR] Unhandled error: 'pydantic_core._pydantic_core.ValidationInfo' object has no attribute 'get'
Traceback (most recent call last):
  File "/Library/Frameworks/Python.framework/Versions/3.12/lib/python3.12/site-packages/starlette/middleware/errors.py", line 162, in __call__
    await self.app(scope, receive, _send)
  File "/Library/Frameworks/Python.framework/Versions/3.12/lib/python3.12/site-packages/starlette/middleware/cors.py", line 91, in __call__
    await self.simple_response(scope, receive, send, request_headers=headers)
  File "/Library/Frameworks/Python.framework/Versions/3.12/lib/python3.12/site-packages/starlette/middleware/cors.py", line 146, in simple_response
    await self.app(scope, receive, send)
  File "/Library/Frameworks/Python.framework/Versions/3.12/lib/python3.12/site-packages/starlette/middleware/exceptions.py", line 79, in __call__
    raise exc
  File "/Library/Frameworks/Python.framework/Versions/3.12/lib/python3.12/site-packages/starlette/middleware/exceptions.py", line 68, in __call__
    await self.app(scope, receive, sender)
  File "/Library/Frameworks/Python.framework/Versions/3.12/lib/python3.12/site-packages/fastapi/middleware/asyncexitstack.py", line 20, in __call__
    raise e
  File "/Library/Frameworks/Python.framework/Versions/3.12/lib/python3.12/site-packages/fastapi/middleware/asyncexitstack.py", line 17, in __call__
    await self.app(scope, receive, send)
  File "/Library/Frameworks/Python.framework/Versions/3.12/lib/python3.12/site-packages/starlette/routing.py", line 718, in __call__
    await route.handle(scope, receive, send)
  File "/Library/Frameworks/Python.framework/Versions/3.12/lib/python3.12/site-packages/starlette/routing.py", line 276, in handle
    await self.app(scope, receive, send)
  File "/Library/Frameworks/Python.framework/Versions/3.12/lib/python3.12/site-packages/starlette/routing.py", line 66, in app
    response = await func(request)
               ^^^^^^^^^^^^^^^^^^^
  File "/Library/Frameworks/Python.framework/Versions/3.12/lib/python3.12/site-packages/fastapi/routing.py", line 264, in app
    solved_result = await solve_dependencies(
                    ^^^^^^^^^^^^^^^^^^^^^^^^^
  File "/Library/Frameworks/Python.framework/Versions/3.12/lib/python3.12/site-packages/fastapi/dependencies/utils.py", line 620, in solve_dependencies
    ) = await request_body_to_args(  # body_params checked above
        ^^^^^^^^^^^^^^^^^^^^^^^^^^^^^^^^^^^^^^^^^^^^^^^^^^^^^^^^
  File "/Library/Frameworks/Python.framework/Versions/3.12/lib/python3.12/site-packages/fastapi/dependencies/utils.py", line 750, in request_body_to_args
    v_, errors_ = field.validate(value, values, loc=loc)
                  ^^^^^^^^^^^^^^^^^^^^^^^^^^^^^^^^^^^^^^
  File "/Library/Frameworks/Python.framework/Versions/3.12/lib/python3.12/site-packages/fastapi/_compat.py", line 125, in validate
    self._type_adapter.validate_python(value, from_attributes=True),
    ^^^^^^^^^^^^^^^^^^^^^^^^^^^^^^^^^^^^^^^^^^^^^^^^^^^^^^^^^^^^^^^
  File "/Library/Frameworks/Python.framework/Versions/3.12/lib/python3.12/site-packages/pydantic/type_adapter.py", line 239, in validate_python
    return self.validator.validate_python(__object, strict=strict, from_attributes=from_attributes, context=context)
           ^^^^^^^^^^^^^^^^^^^^^^^^^^^^^^^^^^^^^^^^^^^^^^^^^^^^^^^^^^^^^^^^^^^^^^^^^^^^^^^^^^^^^^^^^^^^^^^^^^^^^^^^^
  File "/Users/nittratan/work/app/models/request.py", line 165, in check_citation_reasoning
    if v and not values.get("reasoning"):
                 ^^^^^^^^^^
AttributeError: 'pydantic_core._pydantic_core.ValidationInfo' object has no attribute 'get'

2025-06-16 18:14:49,017 [INFO] NextGen 5Ws API is running 🚀
2025-06-16 18:14:49,017 [INFO] NextGen 5Ws API is running 🚀
2025-06-16 18:16:25,520 [INFO] Heartbeat check
2025-06-16 18:16:25,520 [INFO] Heartbeat check
2025-06-16 18:16:31,601 [INFO] Fetching capabilities
2025-06-16 18:16:31,601 [INFO] Fetching capabilities
2025-06-16 18:16:39,417 [INFO] NextGen API is live!
2025-06-16 18:16:39,417 [INFO] NextGen API is live!
2025-06-16 18:17:06,924 [INFO] NextGen 5Ws API is running 🚀
2025-06-16 18:17:06,924 [INFO] NextGen 5Ws API is running 🚀
2025-06-16 18:20:04,994 [INFO] Received task: TaskName.five_ws_extraction
2025-06-16 18:20:04,994 [INFO] Received task: TaskName.five_ws_extraction
2025-06-16 18:20:44,788 [INFO] NextGen 5Ws API is running 🚀
2025-06-16 18:20:44,788 [INFO] NextGen 5Ws API is running 🚀
